   T(MeV)       phi_e      thetah        txh        nbh           N           P          H2          H3         He3         He4         Li6         Li7         Be7
 .94289D+01  0.8126D-09  0.1912D-18  0.1000D+01  0.7096D-04  0.4630D+00  0.5370D+00  0.1195D-09  0.1178D-19  0.1261D-19  0.3569D-29  0.1000D-29  0.1000D-29  0.1000D-29
 .89694D+01  0.9733D-09  0.1730D-18  0.1000D+01  0.7456D-04  0.4615D+00  0.5385D+00  0.1369D-09  0.1576D-19  0.1690D-19  0.6039D-29  0.1000D-29  0.1000D-29  0.1000D-29
 .84979D+01  0.1178D-08  0.1553D-18  0.1000D+01  0.7809D-04  0.4598D+00  0.5402D+00  0.1576D-09  0.2133D-19  0.2292D-19  0.1052D-28  0.1000D-29  0.1000D-29  0.1000D-29
 .80226D+01  0.1436D-08  0.1384D-18  0.1000D+01  0.8137D-04  0.4578D+00  0.5421D+00  0.1817D-09  0.2905D-19  0.3131D-19  0.1876D-28  0.1000D-29  0.1000D-29  0.1000D-29
 .75505D+01  0.1760D-08  0.1226D-18  0.1000D+01  0.8420D-04  0.4556D+00  0.5444D+00  0.2093D-09  0.3961D-19  0.4281D-19  0.3395D-28  0.1000D-29  0.1000D-29  0.1000D-29
 .70802D+01  0.2167D-08  0.1078D-18  0.1000D+01  0.8632D-04  0.4531D+00  0.5469D+00  0.2408D-09  0.5410D-19  0.5868D-19  0.6265D-28  0.1000D-29  0.1000D-29  0.1000D-29
 .66075D+01  0.2688D-08  0.9392D-19  0.1000D+01  0.8751D-04  0.4501D+00  0.5499D+00  0.2772D-09  0.7413D-19  0.8074D-19  0.1187D-27  0.1000D-29  0.1000D-29  0.1000D-29
 .61281D+01  0.3366D-08  0.8072D-19  0.1000D+01  0.8743D-04  0.4467D+00  0.5533D+00  0.3172D-09  0.1014D-18  0.1110D-18  0.2308D-27  0.1000D-29  0.1000D-29  0.1000D-29
 .56534D+01  0.4230D-08  0.6869D-19  0.1000D+01  0.8571D-04  0.4428D+00  0.5572D+00  0.3612D-09  0.1379D-18  0.1518D-18  0.4588D-27  0.1000D-29  0.1000D-29  0.1000D-29
 .51809D+01  0.5341D-08  0.5769D-19  0.1000D+01  0.8206D-04  0.4383D+00  0.5617D+00  0.4077D-09  0.1860D-18  0.2060D-18  0.9376D-27  0.1000D-29  0.1000D-29  0.1000D-29
 .47098D+01  0.6776D-08  0.4768D-19  0.1000D+01  0.7625D-04  0.4329D+00  0.5671D+00  0.4549D-09  0.2480D-18  0.2765D-18  0.1982D-26  0.1000D-29  0.1000D-29  0.1000D-29
 .42702D+01  0.8501D-08  0.3919D-19  0.1000D+01  0.6878D-04  0.4269D+00  0.5731D+00  0.4973D-09  0.3203D-18  0.3599D-18  0.4169D-26  0.1000D-29  0.1000D-29  0.1000D-29
 .37556D+01  0.1115D-07  0.3031D-19  0.1000D+01  0.5769D-04  0.4184D+00  0.5816D+00  0.5402D-09  0.4239D-18  0.4812D-18  0.1075D-25  0.1000D-29  0.1000D-29  0.1000D-29
 .31620D+01  0.1534D-07  0.2149D-19  0.1000D+01  0.4266D-04  0.4060D+00  0.5940D+00  0.5727D-09  0.5706D-18  0.6563D-18  0.3809D-25  0.1000D-29  0.1000D-29  0.1000D-29
 .24709D+01  0.2245D-07  0.1312D-19  0.1000D+01  0.2468D-04  0.3864D+00  0.6136D+00  0.5741D-09  0.7932D-18  0.9254D-18  0.2642D-24  0.1000D-29  0.1000D-29  0.1000D-29
 .17633D+00  0.3844D-07  0.5646D-22  0.7876D+00  0.4922D-09  0.2395D+00  0.7604D+00  0.1000D-29  0.4875D-06  0.1000D-29  0.4173D-05  0.1000D-29  0.1000D-29  0.1000D-29
 .17633D+00  0.3844D-07  0.5646D-22  0.7876D+00  0.4922D-09  0.2395D+00  0.7604D+00  0.1000D-29  0.4581D-06  0.1000D-29  0.4173D-05  0.1000D-29  0.1000D-29  0.1000D-29
 .17633D+00  0.3844D-07  0.5646D-22  0.7876D+00  0.4922D-09  0.2395D+00  0.7604D+00  0.1000D-29  0.4421D-06  0.1000D-29  0.4173D-05  0.1000D-29  0.9410D-18  0.1000D-29
 .17633D+00  0.3846D-07  0.5646D-22  0.7876D+00  0.4900D-09  0.2433D+00  0.7642D+00  0.1000D-29  0.2917D-07  0.1000D-29  0.4173D-05  0.1000D-29  0.5178D-18  0.1000D-29
 .17633D+00  0.3845D-07  0.5646D-22  0.7876D+00  0.4900D-09  0.2432D+00  0.7641D+00  0.1000D-29  0.2830D-07  0.1000D-29  0.4173D-05  0.1000D-29  0.6340D-19  0.1000D-29
 .17633D+00  0.3845D-07  0.5646D-22  0.7876D+00  0.4900D-09  0.2432D+00  0.7641D+00  0.1000D-29  0.2754D-07  0.1000D-29  0.4173D-05  0.1000D-29  0.6156D-19  0.1000D-29
 .17633D+00  0.3845D-07  0.5646D-22  0.7876D+00  0.4900D-09  0.2432D+00  0.7641D+00  0.1000D-29  0.2678D-07  0.1000D-29  0.4173D-05  0.1000D-29  0.5987D-19  0.1000D-29
 .17633D+00  0.3845D-07  0.5646D-22  0.7876D+00  0.4900D-09  0.2431D+00  0.7640D+00  0.1000D-29  0.2585D-07  0.1000D-29  0.4173D-05  0.1000D-29  0.5784D-19  0.1000D-29
 .17633D+00  0.3845D-07  0.5646D-22  0.7876D+00  0.4901D-09  0.2431D+00  0.7640D+00  0.1000D-29  0.2495D-07  0.1000D-29  0.4173D-05  0.1000D-29  0.5586D-19  0.1000D-29
 .17633D+00  0.3845D-07  0.5646D-22  0.7876D+00  0.4901D-09  0.2430D+00  0.7640D+00  0.1000D-29  0.2410D-07  0.1000D-29  0.4173D-05  0.1000D-29  0.5393D-19  0.1000D-29
 .17633D+00  0.3845D-07  0.5646D-22  0.7876D+00  0.4901D-09  0.2430D+00  0.7639D+00  0.1000D-29  0.2329D-07  0.1000D-29  0.4173D-05  0.1000D-29  0.5213D-19  0.1000D-29
 .17633D+00  0.3845D-07  0.5646D-22  0.7876D+00  0.4901D-09  0.2430D+00  0.7639D+00  0.1000D-29  0.2257D-07  0.1000D-29  0.4173D-05  0.1000D-29  0.5051D-19  0.1000D-29
 .17633D+00  0.3845D-07  0.5646D-22  0.7876D+00  0.4901D-09  0.2430D+00  0.7639D+00  0.1000D-29  0.2187D-07  0.1000D-29  0.4173D-05  0.1000D-29  0.4894D-19  0.1000D-29
 .17633D+00  0.3845D-07  0.5646D-22  0.7876D+00  0.4901D-09  0.2429D+00  0.7638D+00  0.1000D-29  0.2118D-07  0.1000D-29  0.4173D-05  0.1000D-29  0.4739D-19  0.1000D-29
 .17633D+00  0.3845D-07  0.5646D-22  0.7876D+00  0.4902D-09  0.2429D+00  0.7638D+00  0.1000D-29  0.2050D-07  0.1000D-29  0.4173D-05  0.1000D-29  0.4590D-19  0.1000D-29
 .17633D+00  0.3845D-07  0.5646D-22  0.7876D+00  0.4902D-09  0.2429D+00  0.7638D+00  0.1000D-29  0.1985D-07  0.1000D-29  0.4173D-05  0.1000D-29  0.4444D-19  0.1000D-29
 .17633D+00  0.3845D-07  0.5646D-22  0.7876D+00  0.4902D-09  0.2428D+00  0.7637D+00  0.1000D-29  0.1921D-07  0.1000D-29  0.4173D-05  0.1000D-29  0.4302D-19  0.1000D-29
 .17633D+00  0.3845D-07  0.5646D-22  0.7876D+00  0.4902D-09  0.2428D+00  0.7637D+00  0.1000D-29  0.1859D-07  0.1000D-29  0.4173D-05  0.1000D-29  0.4164D-19  0.1000D-29
 .17633D+00  0.3845D-07  0.5646D-22  0.7876D+00  0.4902D-09  0.2428D+00  0.7637D+00  0.1000D-29  0.1799D-07  0.1000D-29  0.4173D-05  0.1000D-29  0.4029D-19  0.1000D-29
 .17633D+00  0.3845D-07  0.5646D-22  0.7876D+00  0.4902D-09  0.2427D+00  0.7636D+00  0.1000D-29  0.1741D-07  0.1000D-29  0.4173D-05  0.1000D-29  0.3899D-19  0.1000D-29
 .17633D+00  0.3845D-07  0.5646D-22  0.7876D+00  0.4902D-09  0.2427D+00  0.7636D+00  0.1000D-29  0.1684D-07  0.1000D-29  0.4173D-05  0.1000D-29  0.3772D-19  0.1000D-29
 .17633D+00  0.3845D-07  0.5646D-22  0.7876D+00  0.4903D-09  0.2427D+00  0.7636D+00  0.1000D-29  0.1630D-07  0.1000D-29  0.4173D-05  0.1000D-29  0.3650D-19  0.1000D-29
 .17633D+00  0.3845D-07  0.5646D-22  0.7876D+00  0.4903D-09  0.2426D+00  0.7635D+00  0.1000D-29  0.1576D-07  0.1000D-29  0.4173D-05  0.1000D-29  0.3531D-19  0.1000D-29
 .17633D+00  0.3845D-07  0.5646D-22  0.7876D+00  0.4903D-09  0.2426D+00  0.7635D+00  0.1000D-29  0.1525D-07  0.1000D-29  0.4173D-05  0.1000D-29  0.3415D-19  0.1000D-29
 .17633D+00  0.3845D-07  0.5646D-22  0.7876D+00  0.4903D-09  0.2426D+00  0.7635D+00  0.1000D-29  0.1475D-07  0.1000D-29  0.4173D-05  0.1000D-29  0.3303D-19  0.1000D-29
 .17633D+00  0.3845D-07  0.5646D-22  0.7876D+00  0.4903D-09  0.2425D+00  0.7634D+00  0.1000D-29  0.1426D-07  0.1000D-29  0.4173D-05  0.1000D-29  0.3194D-19  0.1000D-29
 .17633D+00  0.3844D-07  0.5646D-22  0.7876D+00  0.4903D-09  0.2425D+00  0.7634D+00  0.1000D-29  0.1379D-07  0.1000D-29  0.4173D-05  0.1000D-29  0.3089D-19  0.1000D-29
 .17633D+00  0.3844D-07  0.5646D-22  0.7876D+00  0.4903D-09  0.2425D+00  0.7634D+00  0.1000D-29  0.1333D-07  0.1000D-29  0.4173D-05  0.1000D-29  0.2986D-19  0.1000D-29
 .17633D+00  0.3844D-07  0.5646D-22  0.7876D+00  0.4904D-09  0.2424D+00  0.7634D+00  0.1000D-29  0.1289D-07  0.1000D-29  0.4173D-05  0.1000D-29  0.2887D-19  0.1000D-29
 .17633D+00  0.3844D-07  0.5646D-22  0.7876D+00  0.4904D-09  0.2424D+00  0.7633D+00  0.1000D-29  0.1204D-07  0.1000D-29  0.4173D-05  0.1000D-29  0.2698D-19  0.1000D-29
 .17633D+00  0.3844D-07  0.5646D-22  0.7876D+00  0.4904D-09  0.2424D+00  0.7633D+00  0.1000D-29  0.1164D-07  0.1000D-29  0.4173D-05  0.1000D-29  0.2608D-19  0.1000D-29
 .17633D+00  0.3844D-07  0.5646D-22  0.7876D+00  0.4904D-09  0.2423D+00  0.7632D+00  0.1000D-29  0.1125D-07  0.1000D-29  0.4173D-05  0.1000D-29  0.2520D-19  0.1000D-29
 .17633D+00  0.3844D-07  0.5646D-22  0.7876D+00  0.4904D-09  0.2423D+00  0.7632D+00  0.1000D-29  0.1087D-07  0.1000D-29  0.4173D-05  0.1000D-29  0.2436D-19  0.1000D-29
 .17633D+00  0.3844D-07  0.5646D-22  0.7876D+00  0.4904D-09  0.2423D+00  0.7632D+00  0.1000D-29  0.1050D-07  0.1000D-29  0.4173D-05  0.1000D-29  0.2354D-19  0.1000D-29
 .17633D+00  0.3844D-07  0.5646D-22  0.7876D+00  0.4905D-09  0.2422D+00  0.7631D+00  0.1000D-29  0.1015D-07  0.1000D-29  0.4173D-05  0.1000D-29  0.2274D-19  0.1000D-29
 .17633D+00  0.3844D-07  0.5646D-22  0.7876D+00  0.4905D-09  0.2422D+00  0.7631D+00  0.1000D-29  0.9805D-08  0.1000D-29  0.4173D-05  0.1000D-29  0.2198D-19  0.1000D-29
 .17633D+00  0.3844D-07  0.5646D-22  0.7876D+00  0.4905D-09  0.2422D+00  0.7631D+00  0.1000D-29  0.9474D-08  0.1000D-29  0.4173D-05  0.1000D-29  0.2123D-19  0.1000D-29
 .17633D+00  0.3844D-07  0.5646D-22  0.7876D+00  0.4905D-09  0.2421D+00  0.7630D+00  0.1000D-29  0.9153D-08  0.1000D-29  0.4173D-05  0.1000D-29  0.2052D-19  0.1000D-29
 .17633D+00  0.3844D-07  0.5646D-22  0.7876D+00  0.4905D-09  0.2421D+00  0.7630D+00  0.1000D-29  0.8843D-08  0.1000D-29  0.4173D-05  0.1000D-29  0.1982D-19  0.1000D-29
 .17633D+00  0.3844D-07  0.5646D-22  0.7876D+00  0.4905D-09  0.2421D+00  0.7630D+00  0.1000D-29  0.8543D-08  0.1000D-29  0.4173D-05  0.1000D-29  0.1915D-19  0.1000D-29
 .17633D+00  0.3844D-07  0.5646D-22  0.7876D+00  0.4905D-09  0.2420D+00  0.7629D+00  0.1000D-29  0.8253D-08  0.1000D-29  0.4173D-05  0.1000D-29  0.1850D-19  0.1000D-29
 .17633D+00  0.3844D-07  0.5646D-22  0.7876D+00  0.4906D-09  0.2420D+00  0.7629D+00  0.1000D-29  0.7973D-08  0.1000D-29  0.4173D-05  0.1000D-29  0.1787D-19  0.1000D-29
 .17633D+00  0.3844D-07  0.5646D-22  0.7876D+00  0.4906D-09  0.2420D+00  0.7629D+00  0.1000D-29  0.7701D-08  0.1000D-29  0.4173D-05  0.1000D-29  0.1726D-19  0.1000D-29
 .17633D+00  0.3844D-07  0.5646D-22  0.7876D+00  0.4906D-09  0.2419D+00  0.7628D+00  0.1000D-29  0.7439D-08  0.1000D-29  0.4173D-05  0.1000D-29  0.1668D-19  0.1000D-29
 .17633D+00  0.3844D-07  0.5646D-22  0.7876D+00  0.4906D-09  0.2419D+00  0.7628D+00  0.1000D-29  0.7186D-08  0.1000D-29  0.4173D-05  0.1000D-29  0.1611D-19  0.1000D-29
 .17633D+00  0.3844D-07  0.5646D-22  0.7876D+00  0.4906D-09  0.2419D+00  0.7628D+00  0.1000D-29  0.6942D-08  0.1000D-29  0.4173D-05  0.1000D-29  0.1556D-19  0.1000D-29
 .17633D+00  0.3844D-07  0.5646D-22  0.7876D+00  0.4906D-09  0.2419D+00  0.7628D+00  0.1000D-29  0.6705D-08  0.1000D-29  0.4173D-05  0.1000D-29  0.1503D-19  0.1000D-29
 .17633D+00  0.3843D-07  0.5646D-22  0.7876D+00  0.4906D-09  0.2418D+00  0.7627D+00  0.1000D-29  0.6476D-08  0.1000D-29  0.4173D-05  0.1000D-29  0.1452D-19  0.1000D-29
 .17633D+00  0.3843D-07  0.5646D-22  0.7876D+00  0.4907D-09  0.2418D+00  0.7627D+00  0.1000D-29  0.6254D-08  0.1000D-29  0.4173D-05  0.1000D-29  0.1402D-19  0.1000D-29
 .17633D+00  0.3843D-07  0.5646D-22  0.7876D+00  0.4907D-09  0.2418D+00  0.7627D+00  0.1000D-29  0.6040D-08  0.1000D-29  0.4173D-05  0.1000D-29  0.1354D-19  0.1000D-29
 .17633D+00  0.3843D-07  0.5646D-22  0.7876D+00  0.4907D-09  0.2417D+00  0.7626D+00  0.1000D-29  0.5833D-08  0.1000D-29  0.4173D-05  0.1000D-29  0.1308D-19  0.1000D-29
 .17633D+00  0.3843D-07  0.5646D-22  0.7876D+00  0.4907D-09  0.2417D+00  0.7626D+00  0.1000D-29  0.5633D-08  0.1000D-29  0.4173D-05  0.1000D-29  0.1263D-19  0.1000D-29
 .17633D+00  0.3843D-07  0.5646D-22  0.7876D+00  0.4907D-09  0.2417D+00  0.7626D+00  0.1000D-29  0.5440D-08  0.1000D-29  0.4173D-05  0.1000D-29  0.1220D-19  0.1000D-29
 .17633D+00  0.3843D-07  0.5646D-22  0.7876D+00  0.4907D-09  0.2416D+00  0.7625D+00  0.1000D-29  0.5252D-08  0.1000D-29  0.4173D-05  0.1000D-29  0.1177D-19  0.1000D-29
 .17633D+00  0.3843D-07  0.5646D-22  0.7876D+00  0.4907D-09  0.2416D+00  0.7625D+00  0.1000D-29  0.5072D-08  0.1000D-29  0.4173D-05  0.1000D-29  0.1137D-19  0.1000D-29
 .17633D+00  0.3843D-07  0.5646D-22  0.7876D+00  0.4908D-09  0.2416D+00  0.7625D+00  0.1000D-29  0.4861D-08  0.1000D-29  0.4173D-05  0.1000D-29  0.1090D-19  0.1000D-29
 .17633D+00  0.3843D-07  0.5646D-22  0.7876D+00  0.4908D-09  0.2415D+00  0.7624D+00  0.1000D-29  0.4562D-08  0.1000D-29  0.4173D-05  0.1000D-29  0.1022D-19  0.1000D-29
 .17633D+00  0.3843D-07  0.5646D-22  0.7876D+00  0.4908D-09  0.2415D+00  0.7624D+00  0.1000D-29  0.4345D-08  0.1000D-29  0.4173D-05  0.1000D-29  0.9746D-20  0.1000D-29
 .17633D+00  0.3843D-07  0.5646D-22  0.7876D+00  0.4908D-09  0.2414D+00  0.7623D+00  0.1000D-29  0.4162D-08  0.1000D-29  0.4173D-05  0.1000D-29  0.9335D-20  0.1000D-29
 .17633D+00  0.3843D-07  0.5646D-22  0.7876D+00  0.4908D-09  0.2414D+00  0.7623D+00  0.1000D-29  0.3986D-08  0.1000D-29  0.4173D-05  0.1000D-29  0.8941D-20  0.1000D-29
 .17633D+00  0.3843D-07  0.5646D-22  0.7876D+00  0.4909D-09  0.2413D+00  0.7622D+00  0.1000D-29  0.3818D-08  0.1000D-29  0.4173D-05  0.1000D-29  0.8565D-20  0.1000D-29
 .17633D+00  0.3843D-07  0.5646D-22  0.7876D+00  0.4909D-09  0.2413D+00  0.7622D+00  0.1000D-29  0.3658D-08  0.1000D-29  0.4173D-05  0.1000D-29  0.8205D-20  0.1000D-29
 .17633D+00  0.3843D-07  0.5646D-22  0.7876D+00  0.4909D-09  0.2413D+00  0.7622D+00  0.1000D-29  0.3504D-08  0.1000D-29  0.4173D-05  0.1000D-29  0.7861D-20  0.1000D-29
 .17633D+00  0.3843D-07  0.5646D-22  0.7876D+00  0.4909D-09  0.2412D+00  0.7621D+00  0.1000D-29  0.3357D-08  0.1000D-29  0.4173D-05  0.1000D-29  0.7532D-20  0.1000D-29
 .17633D+00  0.3843D-07  0.5646D-22  0.7876D+00  0.4910D-09  0.2412D+00  0.7621D+00  0.1000D-29  0.3082D-08  0.1000D-29  0.4173D-05  0.1000D-29  0.6913D-20  0.1000D-29
 .17633D+00  0.3842D-07  0.5646D-22  0.7876D+00  0.4910D-09  0.2411D+00  0.7620D+00  0.1000D-29  0.2952D-08  0.1000D-29  0.4173D-05  0.1000D-29  0.6622D-20  0.1000D-29
 .17633D+00  0.3842D-07  0.5646D-22  0.7876D+00  0.4910D-09  0.2411D+00  0.7620D+00  0.1000D-29  0.2829D-08  0.1000D-29  0.4173D-05  0.1000D-29  0.6348D-20  0.1000D-29
 .17633D+00  0.3842D-07  0.5646D-22  0.7876D+00  0.4910D-09  0.2410D+00  0.7619D+00  0.1000D-29  0.2710D-08  0.1000D-29  0.4173D-05  0.1000D-29  0.6080D-20  0.1000D-29
 .17633D+00  0.3842D-07  0.5646D-22  0.7876D+00  0.4910D-09  0.2410D+00  0.7619D+00  0.1000D-29  0.2596D-08  0.1000D-29  0.4173D-05  0.1000D-29  0.5826D-20  0.1000D-29
 .17633D+00  0.3842D-07  0.5646D-22  0.7876D+00  0.4910D-09  0.2410D+00  0.7619D+00  0.1000D-29  0.2489D-08  0.1000D-29  0.4173D-05  0.1000D-29  0.5585D-20  0.1000D-29
 .17633D+00  0.3842D-07  0.5646D-22  0.7876D+00  0.4911D-09  0.2409D+00  0.7618D+00  0.1000D-29  0.2383D-08  0.1000D-29  0.4173D-05  0.1000D-29  0.5348D-20  0.1000D-29
 .17633D+00  0.3842D-07  0.5646D-22  0.7876D+00  0.4911D-09  0.2409D+00  0.7618D+00  0.1000D-29  0.2190D-08  0.1000D-29  0.4173D-05  0.1000D-29  0.4914D-20  0.1000D-29
 .17633D+00  0.3842D-07  0.5646D-22  0.7876D+00  0.4911D-09  0.2408D+00  0.7617D+00  0.1000D-29  0.2098D-08  0.1000D-29  0.4173D-05  0.1000D-29  0.4707D-20  0.1000D-29
 .17633D+00  0.3842D-07  0.5646D-22  0.7876D+00  0.4911D-09  0.2408D+00  0.7617D+00  0.1000D-29  0.2010D-08  0.1000D-29  0.4173D-05  0.1000D-29  0.4511D-20  0.1000D-29
 .17633D+00  0.3842D-07  0.5646D-22  0.7876D+00  0.4911D-09  0.2407D+00  0.7616D+00  0.1000D-29  0.1927D-08  0.1000D-29  0.4173D-05  0.1000D-29  0.4324D-20  0.1000D-29
 .17633D+00  0.3842D-07  0.5646D-22  0.7876D+00  0.4912D-09  0.2407D+00  0.7616D+00  0.1000D-29  0.1846D-08  0.1000D-29  0.4173D-05  0.1000D-29  0.4143D-20  0.1000D-29
 .17633D+00  0.3842D-07  0.5646D-22  0.7876D+00  0.4912D-09  0.2407D+00  0.7616D+00  0.1000D-29  0.1769D-08  0.1000D-29  0.4173D-05  0.1000D-29  0.3971D-20  0.1000D-29
 .17633D+00  0.3842D-07  0.5646D-22  0.7876D+00  0.4912D-09  0.2406D+00  0.7615D+00  0.1000D-29  0.1695D-08  0.1000D-29  0.4173D-05  0.1000D-29  0.3804D-20  0.1000D-29
 .17633D+00  0.3842D-07  0.5646D-22  0.7876D+00  0.4912D-09  0.2405D+00  0.7615D+00  0.1000D-29  0.1557D-08  0.1000D-29  0.4173D-05  0.1000D-29  0.3494D-20  0.1000D-29
 .17633D+00  0.3842D-07  0.5646D-22  0.7876D+00  0.4913D-09  0.2405D+00  0.7614D+00  0.1000D-29  0.1492D-08  0.1000D-29  0.4173D-05  0.1000D-29  0.3348D-20  0.1000D-29
 .17633D+00  0.3842D-07  0.5646D-22  0.7876D+00  0.4913D-09  0.2405D+00  0.7614D+00  0.1000D-29  0.1430D-08  0.1000D-29  0.4173D-05  0.1000D-29  0.3209D-20  0.1000D-29
