            T_i(MeV) =      10.000    T_f(MeV) =       0.008
                 z_i = 0.51100D-01         z_f = 0.66430D+02
                T9_i =      116.04        T9_f =        0.09

                           Model parameters
    tau = 880.20   xi_e =  0.0    N_nu = 3.00   eta_f = 0.60879D-09

 --------------------------------------------------------------------
  Exit root_rc with lhfunnew, phi =    0.312E-16   0.650E-09
 At t =  0.6643D+02   y =  0.650440D-09  0.467712D+00  0.100000D-29

             phi_e   0.65044D-09   --->   0.65044D-09
               N/H   0.87868D+00   --->   0.87868D+00
                 P   0.53208D+00   --->   0.53208D+00
              H2/H   0.86862D-11   --->   0.86862D-11
              H3/H   0.18787D-29   --->   0.18787D-29
             He3/H   0.18787D-29   --->   0.37574D-29
               He4   0.39700D-29   --->   0.40000D-29
             Li6/H   0.18787D-29   --->   0.18787D-29
             Li7/H   0.18787D-29   --->   0.37574D-29
             Be7/H   0.18787D-29   --->   0.18787D-29
             Li8/H   0.18787D-29   --->   0.18787D-29
              B8/H   0.18787D-29   --->   0.18787D-29
             Be9/H   0.18787D-29   --->   0.18787D-29
             B10/H   0.18787D-29   --->   0.18787D-29
             B11/H   0.18787D-29   --->   0.18787D-29
             C11/H   0.18787D-29   --->   0.18787D-29
             B12/H   0.18787D-29   --->   0.18787D-29
             C12/H   0.18787D-29   --->   0.18787D-29
             N12/H   0.18787D-29   --->   0.18787D-29
             C13/H   0.18787D-29   --->   0.18787D-29
             N13/H   0.18787D-29   --->   0.18787D-29
             C14/H   0.18787D-29   --->   0.18787D-29
             N14/H   0.18787D-29   --->   0.18787D-29
             O14/H   0.18787D-29   --->   0.18787D-29
             N15/H   0.18787D-29   --->   0.18787D-29
             O15/H   0.18787D-29   --->   0.18787D-29
             O16/H   0.18787D-29   --->   0.18787D-29

 --------------------------------------------------------------------

  relative tolerance   =  0.1000D-04
  absolute tolerance   =  0.1000D-14
  method               =        n
  initial step         =  0.1000D-06
  non lin solv calls   =        0


 --------------------------------------------------------------------
